-------------------------------------------------------------------------------
Test set: com.example.TetrisTest
-------------------------------------------------------------------------------
Tests run: 46, Failures: 0, Errors: 2, Skipped: 0, Time elapsed: 0.038 s <<< FAILURE! - in com.example.TetrisTest
agregar_pieza_random_al_tablero_Test(com.example.TetrisTest)  Time elapsed: 0.003 s  <<< ERROR!
java.lang.NullPointerException: Cannot load from object array because "forma" is null
	at com.example.TetrisTest.agregar_pieza_random_al_tablero_Test(TetrisTest.java:844)

agregar_pieza_random_al_tablero_false_Test(com.example.TetrisTest)  Time elapsed: 0 s  <<< ERROR!
java.lang.NullPointerException: Cannot load from object array because "forma" is null
	at com.example.TetrisTest.agregar_pieza_random_al_tablero_false_Test(TetrisTest.java:861)

