-------------------------------------------------------------------------------
Test set: com.example.TetrisTest
-------------------------------------------------------------------------------
Tests run: 30, Failures: 0, Errors: 1, Skipped: 0, Time elapsed: 0.075 s <<< FAILURE! - in com.example.TetrisTest
la_pieza_baja_Test(com.example.TetrisTest)  Time elapsed: 0.007 s  <<< ERROR!
java.lang.NullPointerException: Cannot load from object array because "forma" is null
	at com.example.TetrisTest.la_pieza_baja_Test(TetrisTest.java:649)

