-------------------------------------------------------------------------------
Test set: com.example.TetrisTest
-------------------------------------------------------------------------------
Tests run: 46, Failures: 0, Errors: 1, Skipped: 0, Time elapsed: 0.062 s <<< FAILURE! - in com.example.TetrisTest
mover_pieza_una_columna_a_la_derecha_false_Test(com.example.TetrisTest)  Time elapsed: 0.009 s  <<< ERROR!
java.lang.NullPointerException: Cannot load from object array because "forma" is null
	at com.example.TetrisTest.mover_pieza_una_columna_a_la_derecha_false_Test(TetrisTest.java:959)

