-------------------------------------------------------------------------------
Test set: com.example.TetrisTest
-------------------------------------------------------------------------------
Tests run: 30, Failures: 0, Errors: 2, Skipped: 0, Time elapsed: 0.074 s <<< FAILURE! - in com.example.TetrisTest
la_pieza_baja_Test(com.example.TetrisTest)  Time elapsed: 0.007 s  <<< ERROR!
java.lang.NullPointerException: Cannot invoke "com.example.IPiece.getPieza()" because "this.piezaActual" is null
	at com.example.TetrisTest.la_pieza_baja_Test(TetrisTest.java:649)

el_juego_finaliza_si_no_se_puede_agregar_mas_piezas_Test(com.example.TetrisTest)  Time elapsed: 0.001 s  <<< ERROR!
java.lang.NullPointerException: Cannot load from object array because "forma" is null
	at com.example.TetrisTest.el_juego_finaliza_si_no_se_puede_agregar_mas_piezas_Test(TetrisTest.java:833)

