-------------------------------------------------------------------------------
Test set: com.example.TetrisTest
-------------------------------------------------------------------------------
Tests run: 31, Failures: 0, Errors: 2, Skipped: 0, Time elapsed: 0.073 s <<< FAILURE! - in com.example.TetrisTest
se_puede_agregar_pieza_metodo_Test(com.example.TetrisTest)  Time elapsed: 0.007 s  <<< ERROR!
java.lang.NullPointerException: Cannot load from object array because "forma" is null
	at com.example.TetrisTest.se_puede_agregar_pieza_metodo_Test(TetrisTest.java:661)

se_detiene_pieza_metodo_true_Test(com.example.TetrisTest)  Time elapsed: 0 s  <<< ERROR!
java.lang.NullPointerException: Cannot load from object array because "forma" is null
	at com.example.TetrisTest.se_detiene_pieza_metodo_true_Test(TetrisTest.java:681)

