-------------------------------------------------------------------------------
Test set: com.example.TetrisTest
-------------------------------------------------------------------------------
Tests run: 30, Failures: 1, Errors: 0, Skipped: 0, Time elapsed: 0.077 s <<< FAILURE! - in com.example.TetrisTest
se_puede_agregar_pieza_metodo_Test(com.example.TetrisTest)  Time elapsed: 0.009 s  <<< FAILURE!
java.lang.AssertionError
	at com.example.TetrisTest.se_puede_agregar_pieza_metodo_Test(TetrisTest.java:662)

