<?xml version="1.0" encoding="UTF-8"?>
<testsuite xmlns:xsi="http://www.w3.org/2001/XMLSchema-instance" xsi:noNamespaceSchemaLocation="https://maven.apache.org/surefire/maven-surefire-plugin/xsd/surefire-test-report.xsd" name="com.example.TetrisTest" time="0.095" tests="34" errors="0" skipped="0" failures="0">
  <properties>
[...]
</properties>
  <testcase name="rotar_pieza_T_a_la_izquierda_Test" classname="com.example.TetrisTest" time="0.008"/>
  <testcase name="rotar_pieza_dog_left_a_la_izquierda_y_a_la_derecha_Test" classname="com.example.TetrisTest" time="0.001"/>
  <testcase name="inicializar_tablero_en_0_Test" classname="com.example.TetrisTest" time="0.002"/>
  <testcase name="mover_pieza_actual_1_columna_a_la_derecha_Test" classname="com.example.TetrisTest" time="0.001"/>
  <testcase name="rotar_pieza_Stick_a_la_izquierda_y_a_la_derecha_Test" classname="com.example.TetrisTest" time="0"/>
  <testcase name="mover_pieza_una_columna_a_la_izquierda_false_Test" classname="com.example.TetrisTest" time="0"/>
  <testcase name="rotar_pieza_ele_left_a_la_izquierda_4_rotaciones_Test" classname="com.example.TetrisTest" time="0.003"/>
  <testcase name="la_pieza_actual_baja_luego_de_dos_tic_Test" classname="com.example.TetrisTest" time="0.005"/>
  <testcase name="crear_pieza_dog_derecha_e_izquierda_Test" classname="com.example.TetrisTest" time="0.002"/>
  <testcase name="rotar_pieza_ele_right_a_la_derecha_Test" classname="com.example.TetrisTest" time="0"/>
  <testcase name="metodo_tablero_devolver_get_Test" classname="com.example.TetrisTest" time="0.001"/>
  <testcase name="mover_pieza_actual_1_columna_a_la_izquierda_true_Test" classname="com.example.TetrisTest" time="0"/>
  <testcase name="rotar_pieza_ele_right_a_la_izquierda_4_rotaciones_Test" classname="com.example.TetrisTest" time="0"/>
  <testcase name="el_juego_finaliza_si_no_se_puede_agregar_mas_piezas_Test" classname="com.example.TetrisTest" time="0"/>
  <testcase name="eliminar_linea_completa_Test" classname="com.example.TetrisTest" time="0"/>
  <testcase name="bajar_linea_Test" classname="com.example.TetrisTest" time="0"/>
  <testcase name="validar_la_clase_tetris_Test" classname="com.example.TetrisTest" time="0"/>
  <testcase name="se_detiene_pieza_metodo_false_Test" classname="com.example.TetrisTest" time="0"/>
  <testcase name="detener_pieza_false_Test" classname="com.example.TetrisTest" time="0.001"/>
  <testcase name="crear_tablero_10_x_20_Test" classname="com.example.TetrisTest" time="0"/>
  <testcase name="crear_pieza_Stick_Test" classname="com.example.TetrisTest" time="0"/>
  <testcase name="crear_pieza_ele_derecha_e_izquierda_Test" classname="com.example.TetrisTest" time="0"/>
  <testcase name="crear_pieza_T_Test" classname="com.example.TetrisTest" time="0"/>
  <testcase name="rotar_pieza_T_a_la_derecha_Test" classname="com.example.TetrisTest" time="0"/>
  <testcase name="reloj_actualiza_los_tics_Test" classname="com.example.TetrisTest" time="0"/>
  <testcase name="agregar_pieza_random_al_tablero_Test" classname="com.example.TetrisTest" time="0"/>
  <testcase name="rotar_pieza_ele_left_a_la_derecha_4_rotaciones_Test" classname="com.example.TetrisTest" time="0"/>
  <testcase name="rotar_pieza_dog_right_a_la_izquierda_y_a_la_derecha_Test" classname="com.example.TetrisTest" time="0"/>
  <testcase name="el_reloj_no_actualiza_los_tics_Test" classname="com.example.TetrisTest" time="0"/>
  <testcase name="se_detiene_pieza_metodo_true_Test" classname="com.example.TetrisTest" time="0.001"/>
  <testcase name="se_puede_agregar_pieza_especifica_en_el_tablero_Test" classname="com.example.TetrisTest" time="0"/>
  <testcase name="configurar_cantidad_lineas_para_finalizar_juego_Test" classname="com.example.TetrisTest" time="0"/>
  <testcase name="crear_pieza_Square_Test" classname="com.example.TetrisTest" time="0"/>
  <testcase name="la_pieza_puede_bajar_Test" classname="com.example.TetrisTest" time="0"/>
</testsuite>